0 info it worked if it ends with ok
1 verbose cli [ 'node', '/usr/bin/npm', 'version', 'patch' ]
2 info using npm@2.1.3
3 info using node@v0.10.32
4 info git [ 'status', '--porcelain' ]
5 verbose stack Error: Git working directory not clean.
5 verbose stack M README.md
5 verbose stack M lib/jsdoctheme/publish.js
5 verbose stack M lib/jsdoctheme/static/styles/jsdoc-radic.css
5 verbose stack M lib/jsdoctheme/tmpl/container.tmpl
5 verbose stack M lib/jsdoctheme/tmpl/method.tmpl
5 verbose stack M lib/jsdoctheme/tmpl/params.tmpl
5 verbose stack M lib/jsdoctheme/tmpl/type.tmpl
5 verbose stack D npm-debug.log
5 verbose stack M package.json
5 verbose stack M tasks/ghpages.js
5 verbose stack M tasks/jsdoc.js
5 verbose stack     at /usr/lib/node_modules/npm/lib/version.js:92:33
5 verbose stack     at ChildProcess.exithandler (child_process.js:646:7)
5 verbose stack     at ChildProcess.emit (events.js:98:17)
5 verbose stack     at maybeClose (child_process.js:756:16)
5 verbose stack     at Socket.<anonymous> (child_process.js:969:11)
5 verbose stack     at Socket.emit (events.js:95:17)
5 verbose stack     at Pipe.close (net.js:465:12)
6 verbose cwd /mnt/safe/node/grunt-radic
7 error Linux 3.11.10-25-desktop
8 error argv "node" "/usr/bin/npm" "version" "patch"
9 error node v0.10.32
10 error npm  v2.1.3
11 error Git working directory not clean.
11 error M README.md
11 error M lib/jsdoctheme/publish.js
11 error M lib/jsdoctheme/static/styles/jsdoc-radic.css
11 error M lib/jsdoctheme/tmpl/container.tmpl
11 error M lib/jsdoctheme/tmpl/method.tmpl
11 error M lib/jsdoctheme/tmpl/params.tmpl
11 error M lib/jsdoctheme/tmpl/type.tmpl
11 error D npm-debug.log
11 error M package.json
11 error M tasks/ghpages.js
11 error M tasks/jsdoc.js
12 error If you need help, you may report this error at:
12 error     <http://github.com/npm/npm/issues>
13 verbose exit [ 1, true ]
